<?xml version="1.0" encoding="UTF-8"?>
<!-- Generated by org.testng.reporters.JUnitXMLReporter -->
<testsuite hostname="Chitranjalis-MacBook-Pro.local" ignored="0" name="HomePage Test_chrome_90" tests="5" failures="0" timestamp="22 Jun 2021 13:39:26 GMT" time="106.156" errors="0">
  <testcase name="verifyHomePageTitleTest" time="0.028" classname="com.qa.avaamo.tests.HomePageTest"/>
  <testcase name="verifyNotificationTextTest" time="1.03" classname="com.qa.avaamo.tests.HomePageTest"/>
  <testcase name="verifyBotLoadedTest" time="19.394" classname="com.qa.avaamo.tests.HomePageTest"/>
  <testcase name="verifyStartOverMenuOptionActionsTest" time="39.626" classname="com.qa.avaamo.tests.HomePageTest"/>
  <testcase name="verifySubmitTestBotFormTest" time="38.713" classname="com.qa.avaamo.tests.HomePageTest"/>
</testsuite> <!-- HomePage Test_chrome_90 -->
